<?xml version='1.1' encoding='UTF-8'?>
<result plugin="junit@1.37">
  <suites>
    <suite>
      <file>/var/lib/jenkins/workspace/amazon data centerproject stage2/target/surefire-reports/TEST-war.AppTest.xml</file>
      <name>war.AppTest</name>
      <duration>0.136</duration>
      <time>0.136</time>
      <enclosingBlocks/>
      <enclosingBlockNames/>
      <cases>
        <case>
          <duration>0.008</duration>
          <className>war.AppTest</className>
          <testName>shouldAnswerWithTrue</testName>
          <skipped>false</skipped>
          <failedSince>0</failedSince>
        </case>
      </cases>
    </suite>
  </suites>
  <duration>0.136</duration>
  <keepLongStdio>false</keepLongStdio>
</result>